# Logfile created on 2014-02-24 11:36:04 -0800 by logger.rb/44203
I, [2014-02-24T11:36:04.802061 #38496]  INFO -- : 0:  rake (10.1.1) from /Users/wbailey/.rvm/gems/ruby-2.1.0/specifications/rake-10.1.1.gemspec
I, [2014-02-24T11:36:05.471146 #38496]  INFO -- : 0:  ZenTest (4.9.5) from /Users/wbailey/.rvm/gems/ruby-2.1.0/specifications/ZenTest-4.9.5.gemspec
I, [2014-02-24T11:36:05.703621 #38496]  INFO -- : 0:  RubyInline (3.12.2) from /Users/wbailey/.rvm/gems/ruby-2.1.0/specifications/RubyInline-3.12.2.gemspec
I, [2014-02-24T11:36:05.881398 #38496]  INFO -- : 0:  sexp_processor (4.4.1) from /Users/wbailey/.rvm/gems/ruby-2.1.0/specifications/sexp_processor-4.4.1.gemspec
I, [2014-02-24T11:36:06.477228 #38496]  INFO -- : 0:  ParseTree (3.0.8) from /Users/wbailey/.rvm/gems/ruby-2.1.0/specifications/ParseTree-3.0.8.gemspec
I, [2014-02-24T11:36:09.458317 #38496]  INFO -- : 0:  RedCloth (4.2.9) from /Users/wbailey/.rvm/gems/ruby-2.1.0/specifications/RedCloth-4.2.9.gemspec
I, [2014-02-24T11:36:09.659392 #38496]  INFO -- : 0:  ast (1.1.0) from /Users/wbailey/.rvm/gems/ruby-2.1.0/specifications/ast-1.1.0.gemspec
I, [2014-02-24T11:36:09.789286 #38496]  INFO -- : 0:  timers (1.1.0) from /Users/wbailey/.rvm/gems/ruby-2.1.0/specifications/timers-1.1.0.gemspec
I, [2014-02-24T11:36:10.306671 #38496]  INFO -- : 0:  celluloid (0.15.2) from /Users/wbailey/.rvm/gems/ruby-2.1.0/specifications/celluloid-0.15.2.gemspec
I, [2014-02-24T11:36:11.359999 #38496]  INFO -- : 0:  nio4r (1.0.0) from /Users/wbailey/.rvm/gems/ruby-2.1.0/specifications/nio4r-1.0.0.gemspec
I, [2014-02-24T11:36:11.965958 #38496]  INFO -- : 0:  celluloid-io (0.15.0) from /Users/wbailey/.rvm/gems/ruby-2.1.0/specifications/celluloid-io-0.15.0.gemspec
I, [2014-02-24T11:36:23.058770 #38496]  INFO -- : 0:  charlock_holmes (0.6.9.4) from /Users/wbailey/.rvm/gems/ruby-2.1.0/specifications/charlock_holmes-0.6.9.4.gemspec
I, [2014-02-24T11:36:23.293413 #38496]  INFO -- : 0:  coderay (1.1.0) from /Users/wbailey/.rvm/gems/ruby-2.1.0/specifications/coderay-1.1.0.gemspec
I, [2014-02-24T11:36:23.419990 #38496]  INFO -- : 0:  colored (1.2) from /Users/wbailey/.rvm/gems/ruby-2.1.0/specifications/colored-1.2.gemspec
I, [2014-02-24T11:36:23.545261 #38496]  INFO -- : 0:  columnize (0.3.6) from /Users/wbailey/.rvm/gems/ruby-2.1.0/specifications/columnize-0.3.6.gemspec
I, [2014-02-24T11:36:23.703987 #38496]  INFO -- : 0:  debugger-linecache (1.2.0) from /Users/wbailey/.rvm/gems/ruby-2.1.0/specifications/debugger-linecache-1.2.0.gemspec
I, [2014-02-24T11:36:24.853677 #38496]  INFO -- : 0:  debugger-ruby_core_source (1.3.1) from /Users/wbailey/.rvm/gems/ruby-2.1.0/specifications/debugger-ruby_core_source-1.3.1.gemspec
I, [2014-02-24T11:36:26.154099 #38496]  INFO -- : 0:  debugger (1.6.5) from /Users/wbailey/.rvm/gems/ruby-2.1.0/specifications/debugger-1.6.5.gemspec
I, [2014-02-24T11:36:26.322158 #38496]  INFO -- : 0:  diff-lcs (1.2.5) from /Users/wbailey/.rvm/gems/ruby-2.1.0/specifications/diff-lcs-1.2.5.gemspec
I, [2014-02-24T11:36:26.565608 #38496]  INFO -- : 0:  docile (1.1.3) from /Users/wbailey/.rvm/gems/ruby-2.1.0/specifications/docile-1.1.3.gemspec
I, [2014-02-24T11:36:26.708337 #38496]  INFO -- : 0:  multipart-post (2.0.0) from /Users/wbailey/.rvm/gems/ruby-2.1.0/specifications/multipart-post-2.0.0.gemspec
I, [2014-02-24T11:36:26.918698 #38496]  INFO -- : 0:  faraday (0.9.0) from /Users/wbailey/.rvm/gems/ruby-2.1.0/specifications/faraday-0.9.0.gemspec
I, [2014-02-24T11:36:30.032361 #38496]  INFO -- : 0:  ffi (1.9.3) from /Users/wbailey/.rvm/gems/ruby-2.1.0/specifications/ffi-1.9.3.gemspec
I, [2014-02-24T11:36:30.351194 #38496]  INFO -- : 0:  ruby_parser (3.4.1) from /Users/wbailey/.rvm/gems/ruby-2.1.0/specifications/ruby_parser-3.4.1.gemspec
I, [2014-02-24T11:36:30.526154 #38496]  INFO -- : 0:  flay (2.4.0) from /Users/wbailey/.rvm/gems/ruby-2.1.0/specifications/flay-2.4.0.gemspec
I, [2014-02-24T11:36:30.689042 #38496]  INFO -- : 0:  flog (4.2.0) from /Users/wbailey/.rvm/gems/ruby-2.1.0/specifications/flog-4.2.0.gemspec
I, [2014-02-24T11:36:30.828173 #38496]  INFO -- : 0:  formatador (0.2.4) from /Users/wbailey/.rvm/gems/ruby-2.1.0/specifications/formatador-0.2.4.gemspec
I, [2014-02-24T11:36:31.880160 #38496]  INFO -- : 0:  github-markdown (0.5.5) from /Users/wbailey/.rvm/gems/ruby-2.1.0/specifications/github-markdown-0.5.5.gemspec
I, [2014-02-24T11:36:32.392777 #38496]  INFO -- : 0:  github-markup (0.7.5) from /Users/wbailey/.rvm/gems/ruby-2.1.0/specifications/github-markup-0.7.5.gemspec
I, [2014-02-24T11:36:32.586052 #38496]  INFO -- : 0:  mime-types (1.25.1) from /Users/wbailey/.rvm/gems/ruby-2.1.0/specifications/mime-types-1.25.1.gemspec
I, [2014-02-24T11:36:32.926556 #38496]  INFO -- : 0:  posix-spawn (0.3.8) from /Users/wbailey/.rvm/gems/ruby-2.1.0/specifications/posix-spawn-0.3.8.gemspec
I, [2014-02-24T11:36:33.667259 #38496]  INFO -- : 0:  gitlab-grit (2.6.0) from /Users/wbailey/.rvm/gems/ruby-2.1.0/specifications/gitlab-grit-2.6.0.gemspec
I, [2014-02-24T11:36:33.818805 #38496]  INFO -- : 0:  mini_portile (0.5.2) from /Users/wbailey/.rvm/gems/ruby-2.1.0/specifications/mini_portile-0.5.2.gemspec
I, [2014-02-24T11:37:30.216850 #38496]  INFO -- : 0:  nokogiri (1.6.1) from /Users/wbailey/.rvm/gems/ruby-2.1.0/specifications/nokogiri-1.6.1.gemspec
I, [2014-02-24T11:37:32.524689 #38496]  INFO -- : 0:  yajl-ruby (1.1.0) from /Users/wbailey/.rvm/gems/ruby-2.1.0/specifications/yajl-ruby-1.1.0.gemspec
I, [2014-02-24T11:37:34.767888 #38496]  INFO -- : 0:  pygments.rb (0.5.4) from /Users/wbailey/.rvm/gems/ruby-2.1.0/specifications/pygments.rb-0.5.4.gemspec
I, [2014-02-24T11:37:34.987067 #38496]  INFO -- : 0:  sanitize (2.0.6) from /Users/wbailey/.rvm/gems/ruby-2.1.0/specifications/sanitize-2.0.6.gemspec
I, [2014-02-24T11:37:35.375087 #38496]  INFO -- : 0:  stringex (2.1.2) from /Users/wbailey/.rvm/gems/ruby-2.1.0/specifications/stringex-2.1.2.gemspec
I, [2014-02-24T11:37:35.777097 #38496]  INFO -- : 0:  gollum-lib (1.0.9) from /Users/wbailey/.rvm/gems/ruby-2.1.0/specifications/gollum-lib-1.0.9.gemspec
I, [2014-02-24T11:37:36.002976 #38496]  INFO -- : 0:  mustache (0.99.5) from /Users/wbailey/.rvm/gems/ruby-2.1.0/specifications/mustache-0.99.5.gemspec
I, [2014-02-24T11:37:36.435457 #38496]  INFO -- : 0:  rack (1.5.2) from /Users/wbailey/.rvm/gems/ruby-2.1.0/specifications/rack-1.5.2.gemspec
I, [2014-02-24T11:37:36.575961 #38496]  INFO -- : 0:  rack-protection (1.5.2) from /Users/wbailey/.rvm/gems/ruby-2.1.0/specifications/rack-protection-1.5.2.gemspec
I, [2014-02-24T11:37:37.075488 #38496]  INFO -- : 0:  tilt (1.4.1) from /Users/wbailey/.rvm/gems/ruby-2.1.0/specifications/tilt-1.4.1.gemspec
I, [2014-02-24T11:37:37.474532 #38496]  INFO -- : 0:  sinatra (1.4.4) from /Users/wbailey/.rvm/gems/ruby-2.1.0/specifications/sinatra-1.4.4.gemspec
I, [2014-02-24T11:37:37.722956 #38496]  INFO -- : 0:  useragent (0.8.3) from /Users/wbailey/.rvm/gems/ruby-2.1.0/specifications/useragent-0.8.3.gemspec
I, [2014-02-24T11:37:39.540298 #38496]  INFO -- : 0:  gollum (2.6.0) from /Users/wbailey/.rvm/gems/ruby-2.1.0/specifications/gollum-2.6.0.gemspec
I, [2014-02-24T11:37:39.918531 #38496]  INFO -- : 0:  rb-fsevent (0.9.4) from /Users/wbailey/.rvm/gems/ruby-2.1.0/specifications/rb-fsevent-0.9.4.gemspec
I, [2014-02-24T11:37:40.155541 #38496]  INFO -- : 0:  rb-inotify (0.9.3) from /Users/wbailey/.rvm/gems/ruby-2.1.0/specifications/rb-inotify-0.9.3.gemspec
I, [2014-02-24T11:37:40.772687 #38496]  INFO -- : 0:  listen (2.5.0) from /Users/wbailey/.rvm/gems/ruby-2.1.0/specifications/listen-2.5.0.gemspec
I, [2014-02-24T11:37:41.212351 #38496]  INFO -- : 0:  lumberjack (1.0.4) from /Users/wbailey/.rvm/gems/ruby-2.1.0/specifications/lumberjack-1.0.4.gemspec
I, [2014-02-24T11:37:41.385820 #38496]  INFO -- : 0:  method_source (0.8.2) from /Users/wbailey/.rvm/gems/ruby-2.1.0/specifications/method_source-0.8.2.gemspec
I, [2014-02-24T11:37:41.556724 #38496]  INFO -- : 0:  slop (3.4.7) from /Users/wbailey/.rvm/gems/ruby-2.1.0/specifications/slop-3.4.7.gemspec
I, [2014-02-24T11:37:41.926874 #38496]  INFO -- : 0:  pry (0.9.12.6) from /Users/wbailey/.rvm/gems/ruby-2.1.0/specifications/pry-0.9.12.6.gemspec
I, [2014-02-24T11:37:42.225943 #38496]  INFO -- : 0:  thor (0.18.1) from /Users/wbailey/.rvm/gems/ruby-2.1.0/specifications/thor-0.18.1.gemspec
I, [2014-02-24T11:37:42.624557 #38496]  INFO -- : 0:  guard (2.4.0) from /Users/wbailey/.rvm/gems/ruby-2.1.0/specifications/guard-2.4.0.gemspec
I, [2014-02-24T11:37:42.993982 #38496]  INFO -- : 0:  rspec-core (2.14.7) from /Users/wbailey/.rvm/gems/ruby-2.1.0/specifications/rspec-core-2.14.7.gemspec
I, [2014-02-24T11:37:43.330818 #38496]  INFO -- : 0:  rspec-expectations (2.14.5) from /Users/wbailey/.rvm/gems/ruby-2.1.0/specifications/rspec-expectations-2.14.5.gemspec
I, [2014-02-24T11:37:43.616301 #38496]  INFO -- : 0:  rspec-mocks (2.14.5) from /Users/wbailey/.rvm/gems/ruby-2.1.0/specifications/rspec-mocks-2.14.5.gemspec
I, [2014-02-24T11:37:43.813518 #38496]  INFO -- : 0:  rspec (2.14.1) from /Users/wbailey/.rvm/gems/ruby-2.1.0/specifications/rspec-2.14.1.gemspec
I, [2014-02-24T11:37:44.251341 #38496]  INFO -- : 0:  guard-rspec (4.2.6) from /Users/wbailey/.rvm/gems/ruby-2.1.0/specifications/guard-rspec-4.2.6.gemspec
I, [2014-02-24T11:37:44.566745 #38496]  INFO -- : 0:  ruby2ruby (2.0.7) from /Users/wbailey/.rvm/gems/ruby-2.1.0/specifications/ruby2ruby-2.0.7.gemspec
I, [2014-02-24T11:37:45.255209 #38496]  INFO -- : 0:  heckle (1.4.3) from /Users/wbailey/.rvm/gems/ruby-2.1.0/specifications/heckle-1.4.3.gemspec
I, [2014-02-24T11:37:45.255492 #38496]  INFO -- : 0:  json (1.8.1) from /Users/wbailey/.rvm/rubies/ruby-2.1.0/lib/ruby/gems/2.1.0/specifications/default/json-1.8.1.gemspec
I, [2014-02-24T11:37:45.692212 #38496]  INFO -- : 0:  kramdown (1.3.1) from /Users/wbailey/.rvm/gems/ruby-2.1.0/specifications/kramdown-1.3.1.gemspec
I, [2014-02-24T11:37:46.038588 #38496]  INFO -- : 0:  multi_json (1.8.4) from /Users/wbailey/.rvm/gems/ruby-2.1.0/specifications/multi_json-1.8.4.gemspec
I, [2014-02-24T11:37:46.467292 #38496]  INFO -- : 0:  parser (2.1.4) from /Users/wbailey/.rvm/gems/ruby-2.1.0/specifications/parser-2.1.4.gemspec
I, [2014-02-24T11:37:46.818412 #38496]  INFO -- : 0:  powerpack (0.0.9) from /Users/wbailey/.rvm/gems/ruby-2.1.0/specifications/powerpack-0.0.9.gemspec
I, [2014-02-24T11:37:47.205746 #38496]  INFO -- : 0:  rainbow (2.0.0) from /Users/wbailey/.rvm/gems/ruby-2.1.0/specifications/rainbow-2.0.0.gemspec
I, [2014-02-24T11:37:48.156290 #38496]  INFO -- : 0:  redcarpet (1.17.2) from /Users/wbailey/.rvm/gems/ruby-2.1.0/specifications/redcarpet-1.17.2.gemspec
I, [2014-02-24T11:37:48.499958 #38496]  INFO -- : 0:  reek (1.3.6) from /Users/wbailey/.rvm/gems/ruby-2.1.0/specifications/reek-1.3.6.gemspec
I, [2014-02-24T11:37:49.117049 #38496]  INFO -- : 0:  rubocop (0.18.1) from /Users/wbailey/.rvm/gems/ruby-2.1.0/specifications/rubocop-0.18.1.gemspec
I, [2014-02-24T11:37:49.445567 #38496]  INFO -- : 0:  simplecov-html (0.8.0) from /Users/wbailey/.rvm/gems/ruby-2.1.0/specifications/simplecov-html-0.8.0.gemspec
I, [2014-02-24T11:37:49.703163 #38496]  INFO -- : 0:  simplecov (0.8.2) from /Users/wbailey/.rvm/gems/ruby-2.1.0/specifications/simplecov-0.8.2.gemspec
I, [2014-02-24T11:37:49.703409 #38496]  INFO -- : 0:  bundler (1.5.1) from /Users/wbailey/.rvm/gems/ruby-2.1.0@global/specifications/bundler-1.5.1.gemspec
I, [2014-02-28T16:49:13.579273 #34904]  INFO -- : 0:  rake (10.1.1) from /Users/wbailey/.rvm/gems/ruby-2.1.0@command_line_reporter/specifications/rake-10.1.1.gemspec
I, [2014-02-28T16:49:13.788458 #34904]  INFO -- : 0:  ZenTest (4.9.5) from /Users/wbailey/.rvm/gems/ruby-2.1.0@command_line_reporter/specifications/ZenTest-4.9.5.gemspec
I, [2014-02-28T16:49:13.943981 #34904]  INFO -- : 0:  RubyInline (3.12.2) from /Users/wbailey/.rvm/gems/ruby-2.1.0@command_line_reporter/specifications/RubyInline-3.12.2.gemspec
I, [2014-02-28T16:49:14.089360 #34904]  INFO -- : 0:  sexp_processor (4.4.1) from /Users/wbailey/.rvm/gems/ruby-2.1.0@command_line_reporter/specifications/sexp_processor-4.4.1.gemspec
I, [2014-02-28T16:49:14.716667 #34904]  INFO -- : 0:  ParseTree (3.0.8) from /Users/wbailey/.rvm/gems/ruby-2.1.0@command_line_reporter/specifications/ParseTree-3.0.8.gemspec
I, [2014-02-28T16:49:18.195578 #34904]  INFO -- : 0:  RedCloth (4.2.9) from /Users/wbailey/.rvm/gems/ruby-2.1.0@command_line_reporter/specifications/RedCloth-4.2.9.gemspec
I, [2014-02-28T16:49:18.324061 #34904]  INFO -- : 0:  ast (1.1.0) from /Users/wbailey/.rvm/gems/ruby-2.1.0@command_line_reporter/specifications/ast-1.1.0.gemspec
I, [2014-02-28T16:49:18.444122 #34904]  INFO -- : 0:  timers (1.1.0) from /Users/wbailey/.rvm/gems/ruby-2.1.0@command_line_reporter/specifications/timers-1.1.0.gemspec
I, [2014-02-28T16:49:18.943950 #34904]  INFO -- : 0:  celluloid (0.15.2) from /Users/wbailey/.rvm/gems/ruby-2.1.0@command_line_reporter/specifications/celluloid-0.15.2.gemspec
I, [2014-02-28T16:49:19.981921 #34904]  INFO -- : 0:  nio4r (1.0.0) from /Users/wbailey/.rvm/gems/ruby-2.1.0@command_line_reporter/specifications/nio4r-1.0.0.gemspec
I, [2014-02-28T16:49:20.468275 #34904]  INFO -- : 0:  celluloid-io (0.15.0) from /Users/wbailey/.rvm/gems/ruby-2.1.0@command_line_reporter/specifications/celluloid-io-0.15.0.gemspec
I, [2014-02-28T16:49:31.874694 #34904]  INFO -- : 0:  charlock_holmes (0.6.9.4) from /Users/wbailey/.rvm/gems/ruby-2.1.0@command_line_reporter/specifications/charlock_holmes-0.6.9.4.gemspec
I, [2014-02-28T16:49:32.069429 #34904]  INFO -- : 0:  coderay (1.1.0) from /Users/wbailey/.rvm/gems/ruby-2.1.0@command_line_reporter/specifications/coderay-1.1.0.gemspec
I, [2014-02-28T16:49:32.202312 #34904]  INFO -- : 0:  colored (1.2) from /Users/wbailey/.rvm/gems/ruby-2.1.0@command_line_reporter/specifications/colored-1.2.gemspec
I, [2014-02-28T16:49:32.339728 #34904]  INFO -- : 0:  columnize (0.3.6) from /Users/wbailey/.rvm/gems/ruby-2.1.0@command_line_reporter/specifications/columnize-0.3.6.gemspec
I, [2014-02-28T16:49:32.475218 #34904]  INFO -- : 0:  debugger-linecache (1.2.0) from /Users/wbailey/.rvm/gems/ruby-2.1.0@command_line_reporter/specifications/debugger-linecache-1.2.0.gemspec
I, [2014-02-28T16:49:33.532031 #34904]  INFO -- : 0:  debugger-ruby_core_source (1.3.1) from /Users/wbailey/.rvm/gems/ruby-2.1.0@command_line_reporter/specifications/debugger-ruby_core_source-1.3.1.gemspec
I, [2014-02-28T16:49:34.522892 #34904]  INFO -- : 0:  debugger (1.6.5) from /Users/wbailey/.rvm/gems/ruby-2.1.0@command_line_reporter/specifications/debugger-1.6.5.gemspec
I, [2014-02-28T16:49:34.698315 #34904]  INFO -- : 0:  diff-lcs (1.2.5) from /Users/wbailey/.rvm/gems/ruby-2.1.0@command_line_reporter/specifications/diff-lcs-1.2.5.gemspec
I, [2014-02-28T16:49:34.831467 #34904]  INFO -- : 0:  docile (1.1.3) from /Users/wbailey/.rvm/gems/ruby-2.1.0@command_line_reporter/specifications/docile-1.1.3.gemspec
I, [2014-02-28T16:49:34.951819 #34904]  INFO -- : 0:  multipart-post (2.0.0) from /Users/wbailey/.rvm/gems/ruby-2.1.0@command_line_reporter/specifications/multipart-post-2.0.0.gemspec
I, [2014-02-28T16:49:35.114995 #34904]  INFO -- : 0:  faraday (0.9.0) from /Users/wbailey/.rvm/gems/ruby-2.1.0@command_line_reporter/specifications/faraday-0.9.0.gemspec
I, [2014-02-28T16:49:37.931061 #34904]  INFO -- : 0:  ffi (1.9.3) from /Users/wbailey/.rvm/gems/ruby-2.1.0@command_line_reporter/specifications/ffi-1.9.3.gemspec
I, [2014-02-28T16:49:38.176398 #34904]  INFO -- : 0:  ruby_parser (3.4.1) from /Users/wbailey/.rvm/gems/ruby-2.1.0@command_line_reporter/specifications/ruby_parser-3.4.1.gemspec
I, [2014-02-28T16:49:38.295654 #34904]  INFO -- : 0:  flay (2.4.0) from /Users/wbailey/.rvm/gems/ruby-2.1.0@command_line_reporter/specifications/flay-2.4.0.gemspec
I, [2014-02-28T16:49:38.444380 #34904]  INFO -- : 0:  flog (4.2.0) from /Users/wbailey/.rvm/gems/ruby-2.1.0@command_line_reporter/specifications/flog-4.2.0.gemspec
I, [2014-02-28T16:49:38.590903 #34904]  INFO -- : 0:  formatador (0.2.4) from /Users/wbailey/.rvm/gems/ruby-2.1.0@command_line_reporter/specifications/formatador-0.2.4.gemspec
I, [2014-02-28T16:49:39.581257 #34904]  INFO -- : 0:  github-markdown (0.5.5) from /Users/wbailey/.rvm/gems/ruby-2.1.0@command_line_reporter/specifications/github-markdown-0.5.5.gemspec
I, [2014-02-28T16:49:40.062461 #34904]  INFO -- : 0:  github-markup (0.7.5) from /Users/wbailey/.rvm/gems/ruby-2.1.0@command_line_reporter/specifications/github-markup-0.7.5.gemspec
I, [2014-02-28T16:49:40.236570 #34904]  INFO -- : 0:  mime-types (1.25.1) from /Users/wbailey/.rvm/gems/ruby-2.1.0@command_line_reporter/specifications/mime-types-1.25.1.gemspec
I, [2014-02-28T16:49:40.550267 #34904]  INFO -- : 0:  posix-spawn (0.3.8) from /Users/wbailey/.rvm/gems/ruby-2.1.0@command_line_reporter/specifications/posix-spawn-0.3.8.gemspec
I, [2014-02-28T16:49:40.741507 #34904]  INFO -- : 0:  gitlab-grit (2.6.0) from /Users/wbailey/.rvm/gems/ruby-2.1.0@command_line_reporter/specifications/gitlab-grit-2.6.0.gemspec
I, [2014-02-28T16:49:40.862329 #34904]  INFO -- : 0:  mini_portile (0.5.2) from /Users/wbailey/.rvm/gems/ruby-2.1.0@command_line_reporter/specifications/mini_portile-0.5.2.gemspec
I, [2014-02-28T16:50:35.509676 #34904]  INFO -- : 0:  nokogiri (1.6.1) from /Users/wbailey/.rvm/gems/ruby-2.1.0@command_line_reporter/specifications/nokogiri-1.6.1.gemspec
I, [2014-02-28T16:50:37.303489 #34904]  INFO -- : 0:  yajl-ruby (1.1.0) from /Users/wbailey/.rvm/gems/ruby-2.1.0@command_line_reporter/specifications/yajl-ruby-1.1.0.gemspec
I, [2014-02-28T16:50:38.780241 #34904]  INFO -- : 0:  pygments.rb (0.5.4) from /Users/wbailey/.rvm/gems/ruby-2.1.0@command_line_reporter/specifications/pygments.rb-0.5.4.gemspec
I, [2014-02-28T16:50:38.922557 #34904]  INFO -- : 0:  sanitize (2.0.6) from /Users/wbailey/.rvm/gems/ruby-2.1.0@command_line_reporter/specifications/sanitize-2.0.6.gemspec
I, [2014-02-28T16:50:39.193816 #34904]  INFO -- : 0:  stringex (2.1.2) from /Users/wbailey/.rvm/gems/ruby-2.1.0@command_line_reporter/specifications/stringex-2.1.2.gemspec
I, [2014-02-28T16:50:39.422024 #34904]  INFO -- : 0:  gollum-lib (1.0.9) from /Users/wbailey/.rvm/gems/ruby-2.1.0@command_line_reporter/specifications/gollum-lib-1.0.9.gemspec
I, [2014-02-28T16:50:39.596220 #34904]  INFO -- : 0:  mustache (0.99.5) from /Users/wbailey/.rvm/gems/ruby-2.1.0@command_line_reporter/specifications/mustache-0.99.5.gemspec
I, [2014-02-28T16:50:39.840877 #34904]  INFO -- : 0:  rack (1.5.2) from /Users/wbailey/.rvm/gems/ruby-2.1.0@command_line_reporter/specifications/rack-1.5.2.gemspec
I, [2014-02-28T16:50:39.967604 #34904]  INFO -- : 0:  rack-protection (1.5.2) from /Users/wbailey/.rvm/gems/ruby-2.1.0@command_line_reporter/specifications/rack-protection-1.5.2.gemspec
I, [2014-02-28T16:50:40.413243 #34904]  INFO -- : 0:  tilt (1.4.1) from /Users/wbailey/.rvm/gems/ruby-2.1.0@command_line_reporter/specifications/tilt-1.4.1.gemspec
I, [2014-02-28T16:50:40.703665 #34904]  INFO -- : 0:  sinatra (1.4.4) from /Users/wbailey/.rvm/gems/ruby-2.1.0@command_line_reporter/specifications/sinatra-1.4.4.gemspec
I, [2014-02-28T16:50:40.853562 #34904]  INFO -- : 0:  useragent (0.8.3) from /Users/wbailey/.rvm/gems/ruby-2.1.0@command_line_reporter/specifications/useragent-0.8.3.gemspec
I, [2014-02-28T16:50:41.921531 #34904]  INFO -- : 0:  gollum (2.6.0) from /Users/wbailey/.rvm/gems/ruby-2.1.0@command_line_reporter/specifications/gollum-2.6.0.gemspec
I, [2014-02-28T16:50:42.100793 #34904]  INFO -- : 0:  rb-fsevent (0.9.4) from /Users/wbailey/.rvm/gems/ruby-2.1.0@command_line_reporter/specifications/rb-fsevent-0.9.4.gemspec
I, [2014-02-28T16:50:42.220085 #34904]  INFO -- : 0:  rb-inotify (0.9.3) from /Users/wbailey/.rvm/gems/ruby-2.1.0@command_line_reporter/specifications/rb-inotify-0.9.3.gemspec
I, [2014-02-28T16:50:42.655541 #34904]  INFO -- : 0:  listen (2.5.0) from /Users/wbailey/.rvm/gems/ruby-2.1.0@command_line_reporter/specifications/listen-2.5.0.gemspec
I, [2014-02-28T16:50:43.083760 #34904]  INFO -- : 0:  lumberjack (1.0.4) from /Users/wbailey/.rvm/gems/ruby-2.1.0@command_line_reporter/specifications/lumberjack-1.0.4.gemspec
I, [2014-02-28T16:50:43.206422 #34904]  INFO -- : 0:  method_source (0.8.2) from /Users/wbailey/.rvm/gems/ruby-2.1.0@command_line_reporter/specifications/method_source-0.8.2.gemspec
I, [2014-02-28T16:50:43.330517 #34904]  INFO -- : 0:  slop (3.4.7) from /Users/wbailey/.rvm/gems/ruby-2.1.0@command_line_reporter/specifications/slop-3.4.7.gemspec
I, [2014-02-28T16:50:43.598505 #34904]  INFO -- : 0:  pry (0.9.12.6) from /Users/wbailey/.rvm/gems/ruby-2.1.0@command_line_reporter/specifications/pry-0.9.12.6.gemspec
I, [2014-02-28T16:50:43.777230 #34904]  INFO -- : 0:  thor (0.18.1) from /Users/wbailey/.rvm/gems/ruby-2.1.0@command_line_reporter/specifications/thor-0.18.1.gemspec
I, [2014-02-28T16:50:44.016007 #34904]  INFO -- : 0:  guard (2.4.0) from /Users/wbailey/.rvm/gems/ruby-2.1.0@command_line_reporter/specifications/guard-2.4.0.gemspec
I, [2014-02-28T16:50:44.285789 #34904]  INFO -- : 0:  rspec-core (2.14.7) from /Users/wbailey/.rvm/gems/ruby-2.1.0@command_line_reporter/specifications/rspec-core-2.14.7.gemspec
I, [2014-02-28T16:50:44.497851 #34904]  INFO -- : 0:  rspec-expectations (2.14.5) from /Users/wbailey/.rvm/gems/ruby-2.1.0@command_line_reporter/specifications/rspec-expectations-2.14.5.gemspec
I, [2014-02-28T16:50:44.691851 #34904]  INFO -- : 0:  rspec-mocks (2.14.5) from /Users/wbailey/.rvm/gems/ruby-2.1.0@command_line_reporter/specifications/rspec-mocks-2.14.5.gemspec
I, [2014-02-28T16:50:44.794349 #34904]  INFO -- : 0:  rspec (2.14.1) from /Users/wbailey/.rvm/gems/ruby-2.1.0@command_line_reporter/specifications/rspec-2.14.1.gemspec
I, [2014-02-28T16:50:45.137732 #34904]  INFO -- : 0:  guard-rspec (4.2.6) from /Users/wbailey/.rvm/gems/ruby-2.1.0@command_line_reporter/specifications/guard-rspec-4.2.6.gemspec
I, [2014-02-28T16:50:45.261331 #34904]  INFO -- : 0:  ruby2ruby (2.0.7) from /Users/wbailey/.rvm/gems/ruby-2.1.0@command_line_reporter/specifications/ruby2ruby-2.0.7.gemspec
I, [2014-02-28T16:50:45.811103 #34904]  INFO -- : 0:  heckle (1.4.3) from /Users/wbailey/.rvm/gems/ruby-2.1.0@command_line_reporter/specifications/heckle-1.4.3.gemspec
I, [2014-02-28T16:50:45.811419 #34904]  INFO -- : 0:  json (1.8.1) from /Users/wbailey/.rvm/rubies/ruby-2.1.0/lib/ruby/gems/2.1.0/specifications/default/json-1.8.1.gemspec
I, [2014-02-28T16:50:46.261728 #34904]  INFO -- : 0:  kramdown (1.3.1) from /Users/wbailey/.rvm/gems/ruby-2.1.0@command_line_reporter/specifications/kramdown-1.3.1.gemspec
I, [2014-02-28T16:50:46.417957 #34904]  INFO -- : 0:  multi_json (1.8.4) from /Users/wbailey/.rvm/gems/ruby-2.1.0@command_line_reporter/specifications/multi_json-1.8.4.gemspec
I, [2014-02-28T16:50:46.789355 #34904]  INFO -- : 0:  parser (2.1.4) from /Users/wbailey/.rvm/gems/ruby-2.1.0@command_line_reporter/specifications/parser-2.1.4.gemspec
I, [2014-02-28T16:50:47.134811 #34904]  INFO -- : 0:  powerpack (0.0.9) from /Users/wbailey/.rvm/gems/ruby-2.1.0@command_line_reporter/specifications/powerpack-0.0.9.gemspec
I, [2014-02-28T16:50:47.463913 #34904]  INFO -- : 0:  rainbow (2.0.0) from /Users/wbailey/.rvm/gems/ruby-2.1.0@command_line_reporter/specifications/rainbow-2.0.0.gemspec
I, [2014-02-28T16:50:48.863188 #34904]  INFO -- : 0:  redcarpet (1.17.2) from /Users/wbailey/.rvm/gems/ruby-2.1.0@command_line_reporter/specifications/redcarpet-1.17.2.gemspec
I, [2014-02-28T16:50:49.127846 #34904]  INFO -- : 0:  reek (1.3.6) from /Users/wbailey/.rvm/gems/ruby-2.1.0@command_line_reporter/specifications/reek-1.3.6.gemspec
I, [2014-02-28T16:50:49.483655 #34904]  INFO -- : 0:  rubocop (0.18.1) from /Users/wbailey/.rvm/gems/ruby-2.1.0@command_line_reporter/specifications/rubocop-0.18.1.gemspec
I, [2014-02-28T16:50:49.686993 #34904]  INFO -- : 0:  simplecov-html (0.8.0) from /Users/wbailey/.rvm/gems/ruby-2.1.0@command_line_reporter/specifications/simplecov-html-0.8.0.gemspec
I, [2014-02-28T16:50:49.837535 #34904]  INFO -- : 0:  simplecov (0.8.2) from /Users/wbailey/.rvm/gems/ruby-2.1.0@command_line_reporter/specifications/simplecov-0.8.2.gemspec
I, [2014-02-28T16:50:49.837794 #34904]  INFO -- : 0:  bundler (1.5.1) from /Users/wbailey/.rvm/gems/ruby-2.1.0@global/specifications/bundler-1.5.1.gemspec
